<?xml version="1.0" encoding="UTF-8"?>
<testng-results ignored="0" total="2" passed="2" failed="0" skipped="0">
  <reporter-output>
  </reporter-output>
  <suite started-at="2025-09-09T14:12:14 IST" name="Suite" finished-at="2025-09-09T14:12:25 IST" duration-ms="11465">
    <groups>
      <group name="Master">
        <method signature="TC001_AccountRegisterationTest.verify_account_registeration()[pri:0, instance:testCases.TC001_AccountRegisterationTest@42b02722]" name="verify_account_registeration" class="testCases.TC001_AccountRegisterationTest"/>
        <method signature="TC002_LoginTest.verify_login()[pri:0, instance:testCases.TC002_LoginTest@27eedb64]" name="verify_login" class="testCases.TC002_LoginTest"/>
      </group> <!-- Master -->
      <group name="Sanity">
        <method signature="TC002_LoginTest.verify_login()[pri:0, instance:testCases.TC002_LoginTest@27eedb64]" name="verify_login" class="testCases.TC002_LoginTest"/>
      </group> <!-- Sanity -->
      <group name="Regression">
        <method signature="TC001_AccountRegisterationTest.verify_account_registeration()[pri:0, instance:testCases.TC001_AccountRegisterationTest@42b02722]" name="verify_account_registeration" class="testCases.TC001_AccountRegisterationTest"/>
      </group> <!-- Regression -->
    </groups>
    <test started-at="2025-09-09T14:12:14 IST" name="Test" finished-at="2025-09-09T14:12:25 IST" duration-ms="11465">
      <class name="testCases.TC002_LoginTest">
        <test-method is-config="true" signature="setup(java.lang.String,java.lang.String)[pri:0, instance:testCases.TC002_LoginTest@27eedb64]" started-at="2025-09-09T14:12:20 IST" name="setup" finished-at="2025-09-09T14:12:23 IST" duration-ms="3077" status="PASS">
          <params>
            <param index="0">
              <value>
                <![CDATA[Windows]]>
              </value>
            </param>
            <param index="1">
              <value>
                <![CDATA[Chrome]]>
              </value>
            </param>
          </params>
          <reporter-output>
          </reporter-output>
        </test-method> <!-- setup -->
        <test-method signature="verify_login()[pri:0, instance:testCases.TC002_LoginTest@27eedb64]" started-at="2025-09-09T14:12:23 IST" name="verify_login" finished-at="2025-09-09T14:12:25 IST" duration-ms="2070" status="PASS">
          <reporter-output>
          </reporter-output>
        </test-method> <!-- verify_login -->
        <test-method is-config="true" signature="tearDown()[pri:0, instance:testCases.TC002_LoginTest@27eedb64]" started-at="2025-09-09T14:12:25 IST" name="tearDown" finished-at="2025-09-09T14:12:25 IST" duration-ms="197" status="PASS">
          <reporter-output>
          </reporter-output>
        </test-method> <!-- tearDown -->
      </class> <!-- testCases.TC002_LoginTest -->
      <class name="testCases.TC001_AccountRegisterationTest">
        <test-method is-config="true" signature="setup(java.lang.String,java.lang.String)[pri:0, instance:testCases.TC001_AccountRegisterationTest@42b02722]" started-at="2025-09-09T14:12:14 IST" name="setup" finished-at="2025-09-09T14:12:18 IST" duration-ms="3300" status="PASS">
          <params>
            <param index="0">
              <value>
                <![CDATA[Windows]]>
              </value>
            </param>
            <param index="1">
              <value>
                <![CDATA[Chrome]]>
              </value>
            </param>
          </params>
          <reporter-output>
          </reporter-output>
        </test-method> <!-- setup -->
        <test-method signature="verify_account_registeration()[pri:0, instance:testCases.TC001_AccountRegisterationTest@42b02722]" started-at="2025-09-09T14:12:18 IST" name="verify_account_registeration" finished-at="2025-09-09T14:12:20 IST" duration-ms="2414" status="PASS">
          <reporter-output>
          </reporter-output>
        </test-method> <!-- verify_account_registeration -->
        <test-method is-config="true" signature="tearDown()[pri:0, instance:testCases.TC001_AccountRegisterationTest@42b02722]" started-at="2025-09-09T14:12:20 IST" name="tearDown" finished-at="2025-09-09T14:12:20 IST" duration-ms="169" status="PASS">
          <reporter-output>
          </reporter-output>
        </test-method> <!-- tearDown -->
      </class> <!-- testCases.TC001_AccountRegisterationTest -->
    </test> <!-- Test -->
  </suite> <!-- Suite -->
</testng-results>
